2019-07-22 13:21:23 +0000  Initial pipeline context: <IDEDistributionProcessingPipelineContext: 0x7f86f393d6e0; archive(resolved)='<IDEArchive: 0x7f86f0f88f80>', distributionTask(resolved)='2', distributionDestination(resolved)='1', distributionMethod(resolved)='<IDEDistributionMethodAdHoc: 0x7f86f0fd91d0>', team(resolved)='<IDEProvisioningDisambiguatableBasicTeam: 0x7f86f1b63880; teamID='RV6W4HL7TY', teamName='Uroš Joksimović', teamType='Individual', username='eruption.games.info@gmail.com', isFreeProvisioningTeam='0'>'>
	Chain (12, self inclusive):
	<IDEDistributionProcessingPipelineContext: 0x7f86f393d6e0; archive = '<IDEArchive: 0x7f86f0f88f80>', distributionMethod='<IDEDistributionMethodAdHoc: 0x7f86f0fd91d0>', team='<IDEProvisioningDisambiguatableBasicTeam: 0x7f86f1b63880; teamID='RV6W4HL7TY', teamName='Uroš Joksimović', teamType='Individual', username='eruption.games.info@gmail.com', isFreeProvisioningTeam='0'>'>
	<IDEDistributionProcessingPipelineContext: 0x7f86f39bdb60; archive = '<IDEArchive: 0x7f86f0f88f80>', distributionMethod='<IDEDistributionMethodAdHoc: 0x7f86f0fd91d0>', team='<IDEProvisioningDisambiguatableBasicTeam: 0x7f86f1b63880; teamID='RV6W4HL7TY', teamName='Uroš Joksimović', teamType='Individual', username='eruption.games.info@gmail.com', isFreeProvisioningTeam='0'>'>
	<IDEDistributionContext: 0x7f86f0016080; archive = '<IDEArchive: 0x7f86f0f88f80>', distributionMethod='<IDEDistributionMethodAdHoc: 0x7f86f0fd91d0>', team='<IDEProvisioningDisambiguatableBasicTeam: 0x7f86f1b63880; teamID='RV6W4HL7TY', teamName='Uroš Joksimović', teamType='Individual', username='eruption.games.info@gmail.com', isFreeProvisioningTeam='0'>'>
	<IDEDistributionContext: 0x7f86f3969370; archive = '<IDEArchive: 0x7f86f0f88f80>', distributionMethod='<IDEDistributionMethodAdHoc: 0x7f86f0fd91d0>', team='<IDEProvisioningDisambiguatableBasicTeam: 0x7f86f1b63880; teamID='RV6W4HL7TY', teamName='Uroš Joksimović', teamType='Individual', username='eruption.games.info@gmail.com', isFreeProvisioningTeam='0'>'>
	<IDEDistributionContext: 0x7f86f39bae70; archive = '<IDEArchive: 0x7f86f0f88f80>', distributionMethod='<IDEDistributionMethodAdHoc: 0x7f86f0fd91d0>', team='<IDEProvisioningDisambiguatableBasicTeam: 0x7f86f1b63880; teamID='RV6W4HL7TY', teamName='Uroš Joksimović', teamType='Individual', username='eruption.games.info@gmail.com', isFreeProvisioningTeam='0'>'>
	<IDEDistributionContext: 0x7f86f39d1440; archive = '<IDEArchive: 0x7f86f0f88f80>', distributionMethod='<IDEDistributionMethodAdHoc: 0x7f86f0fd91d0>', team='<IDEProvisioningDisambiguatableBasicTeam: 0x7f86f1b63880; teamID='RV6W4HL7TY', teamName='Uroš Joksimović', teamType='Individual', username='eruption.games.info@gmail.com', isFreeProvisioningTeam='0'>'>
	<IDEDistributionContext: 0x7f86f2325740; archive = '<IDEArchive: 0x7f86f0f88f80>', distributionMethod='<IDEDistributionMethodAdHoc: 0x7f86f0fd91d0>', team='<IDEProvisioningDisambiguatableBasicTeam: 0x7f86f1b63880; teamID='RV6W4HL7TY', teamName='Uroš Joksimović', teamType='Individual', username='eruption.games.info@gmail.com', isFreeProvisioningTeam='0'>'>
	<IDEDistributionContext: 0x7f86f3932e90; archive = '<IDEArchive: 0x7f86f0f88f80>', distributionMethod='<IDEDistributionMethodAdHoc: 0x7f86f0fd91d0>', team='<IDEProvisioningDisambiguatableBasicTeam: 0x7f86f1b63880; teamID='RV6W4HL7TY', teamName='Uroš Joksimović', teamType='Individual', username='eruption.games.info@gmail.com', isFreeProvisioningTeam='0'>'>
	<IDEDistributionContext: 0x7f86f06bc320; archive = '<IDEArchive: 0x7f86f0f88f80>', distributionMethod='<IDEDistributionMethodAdHoc: 0x7f86f0fd91d0>', team='<IDEProvisioningDisambiguatableBasicTeam: 0x7f86f1b63880; teamID='RV6W4HL7TY', teamName='Uroš Joksimović', teamType='Individual', username='eruption.games.info@gmail.com', isFreeProvisioningTeam='0'>'>
	<IDEDistributionContext: 0x7f86f3947320; archive = '<IDEArchive: 0x7f86f0f88f80>', distributionMethod='<IDEDistributionMethodAdHoc: 0x7f86f0fd91d0>', team='(null)'>
	<IDEDistributionContext: 0x7f86f23ec730; archive = '<IDEArchive: 0x7f86f0f88f80>', distributionMethod='<IDEDistributionMethodAdHoc: 0x7f86f0fd91d0>', team='(null)'>
	<IDEDistributionContext: 0x7f86f3e4a6c0; archive = '<IDEArchive: 0x7f86f0f88f80>', distributionMethod='(null)', team='(null)'>
</IDEDistributionProcessingPipelineContext: 0x7f86f393d6e0>
2019-07-22 13:21:23 +0000  Processing step: IDEDistributionCreateDestRootStep
2019-07-22 13:21:23 +0000  Processing step: IDEDistributionCopyItemStep
2019-07-22 13:21:23 +0000  Running /usr/bin/ditto '-V' '/Users/ujoksimovic/Library/Developer/Xcode/Archives/2019-07-22/Unity-iPhone 7-22-19, 3.18 PM.xcarchive/Products/Applications/EuclidsLock.app' '/var/folders/bj/1c77m6p94_gd621t2vc53vdr0000gn/T/XcodeDistPipeline.~~~wAHeQe/Root/Payload/EuclidsLock.app'
2019-07-22 13:21:23 +0000  >>> Copying /Users/ujoksimovic/Library/Developer/Xcode/Archives/2019-07-22/Unity-iPhone 7-22-19, 3.18 PM.xcarchive/Products/Applications/EuclidsLock.app 
2019-07-22 13:21:23 +0000  copying file ./_CodeSignature/CodeResources ... 
2019-07-22 13:21:23 +0000  16795 bytes for ./_CodeSignature/CodeResources
2019-07-22 13:21:23 +0000  copying file ./LaunchImage-1100-Portrait-2436h@3x.png ... 
2019-07-22 13:21:23 +0000  14552 bytes for ./LaunchImage-1100-Portrait-2436h@3x.png
2019-07-22 13:21:23 +0000  copying file ./LaunchImage-1200-Landscape-1792h@2x.png ... 
2019-07-22 13:21:23 +0000  7622 bytes for ./LaunchImage-1200-Landscape-1792h@2x.png
2019-07-22 13:21:23 +0000  copying file ./LaunchScreen-iPhonePortrait.png ... 
2019-07-22 13:21:23 +0000  138 bytes for ./LaunchScreen-iPhonePortrait.png
2019-07-22 13:21:23 +0000  copying file ./LaunchScreen-iPhoneLandscape.png ... 
2019-07-22 13:21:23 +0000  138 bytes for ./LaunchScreen-iPhoneLandscape.png
2019-07-22 13:21:23 +0000  copying file ./LaunchScreen-iPad.nib ... 
2019-07-22 13:21:23 +0000  1443 bytes for ./LaunchScreen-iPad.nib
copying file ./LaunchScreen-iPhone.nib ... 
2019-07-22 13:21:23 +0000  1453 bytes for ./LaunchScreen-iPhone.nib
2019-07-22 13:21:23 +0000  copying file ./AppIcon60x60@2x.png ... 
2019-07-22 13:21:23 +0000  2149 bytes for ./AppIcon60x60@2x.png
2019-07-22 13:21:23 +0000  copying file ./LaunchImage-1100-Landscape-2436h@3x.png ... 
2019-07-22 13:21:23 +0000  12707 bytes for ./LaunchImage-1100-Landscape-2436h@3x.png
2019-07-22 13:21:23 +0000  copying file ./LaunchImage-800-667h@2x.png ... 
2019-07-22 13:21:23 +0000  5949 bytes for ./LaunchImage-800-667h@2x.png
2019-07-22 13:21:23 +0000  copying file ./LaunchImage-1200-Portrait-2688h@3x.png ... 
2019-07-22 13:21:23 +0000  17633 bytes for ./LaunchImage-1200-Portrait-2688h@3x.png
2019-07-22 13:21:23 +0000  copying file ./AppIcon60x60@3x.png ... 
2019-07-22 13:21:23 +0000  3144 bytes for ./AppIcon60x60@3x.png
2019-07-22 13:21:23 +0000  copying file ./LaunchScreen-iPad.png ... 
2019-07-22 13:21:23 +0000  138 bytes for ./LaunchScreen-iPad.png
2019-07-22 13:21:23 +0000  copying file ./LaunchImage-700-Portrait~ipad.png ... 
2019-07-22 13:21:23 +0000  4691 bytes for ./LaunchImage-700-Portrait~ipad.png
2019-07-22 13:21:23 +0000  copying file ./Assets.car ... 
2019-07-22 13:21:23 +0000  32712 bytes for ./Assets.car
2019-07-22 13:21:23 +0000  copying file ./AppIcon76x76@2x~ipad.png ... 
2019-07-22 13:21:23 +0000  2663 bytes for ./AppIcon76x76@2x~ipad.png
2019-07-22 13:21:23 +0000  copying file ./LaunchImage-800-Portrait-736h@3x.png ... 
2019-07-22 13:21:23 +0000  14196 bytes for ./LaunchImage-800-Portrait-736h@3x.png
2019-07-22 13:21:23 +0000  copying file ./LaunchImage-700@2x.png ... 
2019-07-22 13:21:23 +0000  3933 bytes for ./LaunchImage-700@2x.png
2019-07-22 13:21:23 +0000  copying file ./AppIcon83.5x83.5@2x~ipad.png ... 
2019-07-22 13:21:23 +0000  2949 bytes for ./AppIcon83.5x83.5@2x~ipad.png
2019-07-22 13:21:23 +0000  copying file ./LaunchImage-700-568h@2x.png ... 
2019-07-22 13:21:23 +0000  4617 bytes for ./LaunchImage-700-568h@2x.png
2019-07-22 13:21:23 +0000  copying file ./LaunchImage-1200-Portrait-1792h@2x.png ... 
2019-07-22 13:21:23 +0000  8862 bytes for ./LaunchImage-1200-Portrait-1792h@2x.png
2019-07-22 13:21:23 +0000  copying file ./LaunchImage-700-Landscape@2x~ipad.png ... 
2019-07-22 13:21:23 +0000  14943 bytes for ./LaunchImage-700-Landscape@2x~ipad.png
2019-07-22 13:21:23 +0000  copying file ./EuclidsLock ... 
2019-07-22 13:21:24 +0000  561746704 bytes for ./EuclidsLock
copying file ./embedded.mobileprovision ... 
2019-07-22 13:21:24 +0000  9618 bytes for ./embedded.mobileprovision
2019-07-22 13:21:24 +0000  copying file ./Data/Managed/com.unity.multiplayer-hlapi.Runtime.pdb ... 
2019-07-22 13:21:24 +0000  142092 bytes for ./Data/Managed/com.unity.multiplayer-hlapi.Runtime.pdb
2019-07-22 13:21:24 +0000  copying file ./Data/Managed/TypesInScenes.xml ... 
2019-07-22 13:21:24 +0000  6749 bytes for ./Data/Managed/TypesInScenes.xml
2019-07-22 13:21:24 +0000  copying file ./Data/Managed/Unity.Postprocessing.Runtime.pdb ... 
2019-07-22 13:21:24 +0000  58704 bytes for ./Data/Managed/Unity.Postprocessing.Runtime.pdb
2019-07-22 13:21:24 +0000  copying file ./Data/Managed/SymbolMap-32 ... 
2019-07-22 13:21:24 +0000  269560 bytes for ./Data/Managed/SymbolMap-32
2019-07-22 13:21:24 +0000  copying file ./Data/Managed/Resources/mscorlib.dll-resources.dat ... 
2019-07-22 13:21:24 +0000  337563 bytes for ./Data/Managed/Resources/mscorlib.dll-resources.dat
2019-07-22 13:21:24 +0000  copying file ./Data/Managed/Assembly-CSharp.pdb ... 
2019-07-22 13:21:24 +0000  31316 bytes for ./Data/Managed/Assembly-CSharp.pdb
2019-07-22 13:21:24 +0000  copying file ./Data/Managed/mono/2.0/machine.config ... 
2019-07-22 13:21:24 +0000  27625 bytes for ./Data/Managed/mono/2.0/machine.config
2019-07-22 13:21:24 +0000  copying file ./Data/Managed/mono/4.0/machine.config ... 
2019-07-22 13:21:24 +0000  33648 bytes for ./Data/Managed/mono/4.0/machine.config
2019-07-22 13:21:24 +0000  copying file ./Data/Managed/Metadata/global-metadata.dat ... 
2019-07-22 13:21:24 +0000  3571068 bytes for ./Data/Managed/Metadata/global-metadata.dat
2019-07-22 13:21:24 +0000  copying file ./Data/sharedassets0.resource ... 
89600 bytes for ./Data/sharedassets0.resource
copying file ./Data/globalgamemanagers ... 
47944 bytes for ./Data/globalgamemanagers
copying file ./Data/boot.config ... 
2019-07-22 13:21:24 +0000  283 bytes for ./Data/boot.config
2019-07-22 13:21:24 +0000  copying file ./Data/resources.assets ... 
2019-07-22 13:21:24 +0000  206088 bytes for ./Data/resources.assets
2019-07-22 13:21:24 +0000  copying file ./Data/Resources/unity_builtin_extra ... 
2019-07-22 13:21:24 +0000  563452 bytes for ./Data/Resources/unity_builtin_extra
2019-07-22 13:21:24 +0000  copying file ./Data/unity default resources ... 
2019-07-22 13:21:24 +0000  6312180 bytes for ./Data/unity default resources
2019-07-22 13:21:24 +0000  copying file ./Data/sharedassets0.assets.resS ... 
2019-07-22 13:21:24 +0000  6091420 bytes for ./Data/sharedassets0.assets.resS
copying file ./Data/sharedassets0.assets ... 
2019-07-22 13:21:24 +0000  16366460 bytes for ./Data/sharedassets0.assets
2019-07-22 13:21:24 +0000  copying file ./Data/level0 ... 
329840 bytes for ./Data/level0
copying file ./Data/globalgamemanagers.assets ... 
59840 bytes for ./Data/globalgamemanagers.assets
copying file ./LaunchImage-800-Landscape-736h@3x.png ... 
12887 bytes for ./LaunchImage-800-Landscape-736h@3x.png
copying file ./LaunchImage-700-Portrait@2x~ipad.png ... 
2019-07-22 13:21:24 +0000  15515 bytes for ./LaunchImage-700-Portrait@2x~ipad.png
2019-07-22 13:21:24 +0000  copying file ./LaunchImage-700-Landscape~ipad.png ... 
2019-07-22 13:21:24 +0000  4433 bytes for ./LaunchImage-700-Landscape~ipad.png
2019-07-22 13:21:24 +0000  copying file ./Info.plist ... 
2019-07-22 13:21:24 +0000  2513 bytes for ./Info.plist
2019-07-22 13:21:24 +0000  copying file ./profile.json ... 
2019-07-22 13:21:24 +0000  34555 bytes for ./profile.json
2019-07-22 13:21:24 +0000  copying file ./LaunchImage-1200-Landscape-2688h@3x.png ... 
2019-07-22 13:21:24 +0000  15608 bytes for ./LaunchImage-1200-Landscape-2688h@3x.png
2019-07-22 13:21:24 +0000  copying file ./PkgInfo ... 
2019-07-22 13:21:24 +0000  8 bytes for ./PkgInfo
2019-07-22 13:21:24 +0000  copying file ./AppIcon76x76~ipad.png ... 
2019-07-22 13:21:24 +0000  2929 bytes for ./AppIcon76x76~ipad.png
2019-07-22 13:21:24 +0000  /usr/bin/ditto exited with 0
2019-07-22 13:21:24 +0000  Processing step: IDEDistributionEmbedProfileStep
2019-07-22 13:21:24 +0000  Processing step: IDEDistributionAppThinningPlistStep
2019-07-22 13:21:24 +0000  Skipping step: IDEDistributionAppThinningPlistStep because it said so
2019-07-22 13:21:24 +0000  Processing step: IDEDistributionCompileBitcodeStep
2019-07-22 13:21:24 +0000  Skipping step: IDEDistributionCompileBitcodeStep because it said so
2019-07-22 13:21:24 +0000  Processing step: IDEDistributionCodeSlimmingStep
2019-07-22 13:21:25 +0000  Processing step: IDEDistributionCopyBCSymbolMapsStep
2019-07-22 13:21:25 +0000  Skipping step: IDEDistributionCopyBCSymbolMapsStep because it said so
2019-07-22 13:21:25 +0000  Processing step: IDEDistributionSymbolsStep
2019-07-22 13:21:25 +0000  Skipping step: IDEDistributionSymbolsStep because it said so
2019-07-22 13:21:25 +0000  Processing step: IDEDistributionAppThinningStep
2019-07-22 13:21:25 +0000  Skipping step: IDEDistributionAppThinningStep because it said so
2019-07-22 13:21:25 +0000  Processing step: IDEDistributionArchThinningStep
2019-07-22 13:21:25 +0000  Running /Applications/Xcode.app/Contents/Developer/Toolchains/XcodeDefault.xctoolchain/usr/bin/lipo '/var/folders/bj/1c77m6p94_gd621t2vc53vdr0000gn/T/XcodeDistPipeline.~~~wAHeQe/Root/Payload/EuclidsLock.app/EuclidsLock' '-verify_arch' 'arm64e'
2019-07-22 13:21:25 +0000  /Applications/Xcode.app/Contents/Developer/Toolchains/XcodeDefault.xctoolchain/usr/bin/lipo exited with 1
2019-07-22 13:21:25 +0000  Skipping architecture thinning for item "EuclidsLock" because arch "arm64e" wasn't found
2019-07-22 13:21:25 +0000  Processing step: IDEDistributionODRStep
2019-07-22 13:21:25 +0000  Processing step: IDEDistributionStripXattrsStep
2019-07-22 13:21:25 +0000  Running /usr/bin/xattr '-crs' '/var/folders/bj/1c77m6p94_gd621t2vc53vdr0000gn/T/XcodeDistPipeline.~~~wAHeQe/Root/Payload/EuclidsLock.app'
2019-07-22 13:21:25 +0000  /usr/bin/xattr exited with 0
2019-07-22 13:21:25 +0000  Processing step: IDEDistributionCodesignStep
2019-07-22 13:21:25 +0000  Entitlements for <IDEDistributionItem: 0x7f86f3e11d30 'com.EruptionGames.EL' '<DVTFilePath:0x7f86f22e0f40:'/Users/ujoksimovic/Library/Developer/Xcode/Archives/2019-07-22/Unity-iPhone 7-22-19, 3.18 PM.xcarchive/Products/Applications/EuclidsLock.app'>'>: {
    "application-identifier" = "RV6W4HL7TY.com.EruptionGames.EL";
    "com.apple.developer.team-identifier" = RV6W4HL7TY;
    "get-task-allow" = 0;
    "keychain-access-groups" =     (
        "RV6W4HL7TY.com.EruptionGames.EL"
    );
}
2019-07-22 13:21:25 +0000  Writing entitlements for <IDEDistributionItem: 0x7f86f3e11d30 'com.EruptionGames.EL' '<DVTFilePath:0x7f86f22e0f40:'/Users/ujoksimovic/Library/Developer/Xcode/Archives/2019-07-22/Unity-iPhone 7-22-19, 3.18 PM.xcarchive/Products/Applications/EuclidsLock.app'>'> to: /var/folders/bj/1c77m6p94_gd621t2vc53vdr0000gn/T/XcodeDistPipeline.~~~wAHeQe/entitlements~~~d7rLql
2019-07-22 13:21:25 +0000  Running /usr/bin/codesign '-vvv' '--force' '--sign' '7E0A2193D6028B9C393FBCE1176262E6ECC1598A' '--entitlements' '/var/folders/bj/1c77m6p94_gd621t2vc53vdr0000gn/T/XcodeDistPipeline.~~~wAHeQe/entitlements~~~d7rLql' '--preserve-metadata=identifier,flags,runtime' '/var/folders/bj/1c77m6p94_gd621t2vc53vdr0000gn/T/XcodeDistPipeline.~~~wAHeQe/Root/Payload/EuclidsLock.app'
2019-07-22 13:21:34 +0000  /var/folders/bj/1c77m6p94_gd621t2vc53vdr0000gn/T/XcodeDistPipeline.~~~wAHeQe/Root/Payload/EuclidsLock.app: signed app bundle with Mach-O universal (armv7 arm64) [com.EruptionGames.EL]
2019-07-22 13:21:34 +0000  /usr/bin/codesign exited with 0
2019-07-22 13:21:34 +0000  Processing step: IDEDistributionZipODRItemStep
2019-07-22 13:21:34 +0000  Skipping step: IDEDistributionZipODRItemStep because it said so
2019-07-22 13:21:34 +0000  Processing step: IDEDistributionCreateIPAStep
2019-07-22 13:21:34 +0000  Running /usr/bin/ditto '-V' '-c' '-k' '--norsrc' '/var/folders/bj/1c77m6p94_gd621t2vc53vdr0000gn/T/XcodeDistPipeline.~~~wAHeQe/Root' '/var/folders/bj/1c77m6p94_gd621t2vc53vdr0000gn/T/XcodeDistPipeline.~~~wAHeQe/Packages/Unity-iPhone.ipa'
2019-07-22 13:21:34 +0000  >>> Copying /var/folders/bj/1c77m6p94_gd621t2vc53vdr0000gn/T/XcodeDistPipeline.~~~wAHeQe/Root 
2019-07-22 13:21:34 +0000  copying file ./Payload/EuclidsLock.app/_CodeSignature/CodeResources ... 
2019-07-22 13:21:34 +0000  16795 bytes for ./Payload/EuclidsLock.app/_CodeSignature/CodeResources
2019-07-22 13:21:34 +0000  copying file ./Payload/EuclidsLock.app/LaunchImage-1100-Portrait-2436h@3x.png ... 
2019-07-22 13:21:34 +0000  14552 bytes for ./Payload/EuclidsLock.app/LaunchImage-1100-Portrait-2436h@3x.png
copying file ./Payload/EuclidsLock.app/LaunchImage-1200-Landscape-1792h@2x.png ... 
2019-07-22 13:21:34 +0000  7622 bytes for ./Payload/EuclidsLock.app/LaunchImage-1200-Landscape-1792h@2x.png
copying file ./Payload/EuclidsLock.app/LaunchScreen-iPhonePortrait.png ... 
2019-07-22 13:21:34 +0000  138 bytes for ./Payload/EuclidsLock.app/LaunchScreen-iPhonePortrait.png
2019-07-22 13:21:34 +0000  copying file ./Payload/EuclidsLock.app/LaunchScreen-iPhoneLandscape.png ... 
2019-07-22 13:21:34 +0000  138 bytes for ./Payload/EuclidsLock.app/LaunchScreen-iPhoneLandscape.png
copying file ./Payload/EuclidsLock.app/LaunchScreen-iPad.nib ... 
2019-07-22 13:21:34 +0000  1443 bytes for ./Payload/EuclidsLock.app/LaunchScreen-iPad.nib
2019-07-22 13:21:34 +0000  copying file ./Payload/EuclidsLock.app/LaunchScreen-iPhone.nib ... 
2019-07-22 13:21:34 +0000  1453 bytes for ./Payload/EuclidsLock.app/LaunchScreen-iPhone.nib
copying file ./Payload/EuclidsLock.app/AppIcon60x60@2x.png ... 
2019-07-22 13:21:34 +0000  2149 bytes for ./Payload/EuclidsLock.app/AppIcon60x60@2x.png
copying file ./Payload/EuclidsLock.app/LaunchImage-1100-Landscape-2436h@3x.png ... 
2019-07-22 13:21:34 +0000  12707 bytes for ./Payload/EuclidsLock.app/LaunchImage-1100-Landscape-2436h@3x.png
2019-07-22 13:21:35 +0000  copying file ./Payload/EuclidsLock.app/LaunchImage-800-667h@2x.png ... 
2019-07-22 13:21:35 +0000  5949 bytes for ./Payload/EuclidsLock.app/LaunchImage-800-667h@2x.png
copying file ./Payload/EuclidsLock.app/LaunchImage-1200-Portrait-2688h@3x.png ... 
2019-07-22 13:21:35 +0000  17633 bytes for ./Payload/EuclidsLock.app/LaunchImage-1200-Portrait-2688h@3x.png
copying file ./Payload/EuclidsLock.app/AppIcon60x60@3x.png ... 
2019-07-22 13:21:35 +0000  3144 bytes for ./Payload/EuclidsLock.app/AppIcon60x60@3x.png
2019-07-22 13:21:35 +0000  copying file ./Payload/EuclidsLock.app/LaunchScreen-iPad.png ... 
138 bytes for ./Payload/EuclidsLock.app/LaunchScreen-iPad.png
copying file ./Payload/EuclidsLock.app/LaunchImage-700-Portrait~ipad.png ... 
2019-07-22 13:21:35 +0000  4691 bytes for ./Payload/EuclidsLock.app/LaunchImage-700-Portrait~ipad.png
copying file ./Payload/EuclidsLock.app/Assets.car ... 
2019-07-22 13:21:35 +0000  32712 bytes for ./Payload/EuclidsLock.app/Assets.car
2019-07-22 13:21:35 +0000  copying file ./Payload/EuclidsLock.app/AppIcon76x76@2x~ipad.png ... 
2019-07-22 13:21:35 +0000  2663 bytes for ./Payload/EuclidsLock.app/AppIcon76x76@2x~ipad.png
copying file ./Payload/EuclidsLock.app/LaunchImage-800-Portrait-736h@3x.png ... 
2019-07-22 13:21:35 +0000  14196 bytes for ./Payload/EuclidsLock.app/LaunchImage-800-Portrait-736h@3x.png
copying file ./Payload/EuclidsLock.app/LaunchImage-700@2x.png ... 
2019-07-22 13:21:35 +0000  3933 bytes for ./Payload/EuclidsLock.app/LaunchImage-700@2x.png
2019-07-22 13:21:35 +0000  copying file ./Payload/EuclidsLock.app/AppIcon83.5x83.5@2x~ipad.png ... 
2019-07-22 13:21:35 +0000  2949 bytes for ./Payload/EuclidsLock.app/AppIcon83.5x83.5@2x~ipad.png
2019-07-22 13:21:35 +0000  copying file ./Payload/EuclidsLock.app/LaunchImage-700-568h@2x.png ... 
2019-07-22 13:21:35 +0000  4617 bytes for ./Payload/EuclidsLock.app/LaunchImage-700-568h@2x.png
2019-07-22 13:21:35 +0000  copying file ./Payload/EuclidsLock.app/LaunchImage-1200-Portrait-1792h@2x.png ... 
2019-07-22 13:21:35 +0000  8862 bytes for ./Payload/EuclidsLock.app/LaunchImage-1200-Portrait-1792h@2x.png
copying file ./Payload/EuclidsLock.app/LaunchImage-700-Landscape@2x~ipad.png ... 
2019-07-22 13:21:35 +0000  14943 bytes for ./Payload/EuclidsLock.app/LaunchImage-700-Landscape@2x~ipad.png
copying file ./Payload/EuclidsLock.app/EuclidsLock ... 
2019-07-22 13:21:38 +0000  71769888 bytes for ./Payload/EuclidsLock.app/EuclidsLock
copying file ./Payload/EuclidsLock.app/embedded.mobileprovision ... 
2019-07-22 13:21:38 +0000  9630 bytes for ./Payload/EuclidsLock.app/embedded.mobileprovision
copying file ./Payload/EuclidsLock.app/Data/Managed/com.unity.multiplayer-hlapi.Runtime.pdb ... 
2019-07-22 13:21:38 +0000  142092 bytes for ./Payload/EuclidsLock.app/Data/Managed/com.unity.multiplayer-hlapi.Runtime.pdb
2019-07-22 13:21:38 +0000  copying file ./Payload/EuclidsLock.app/Data/Managed/TypesInScenes.xml ... 
6749 bytes for ./Payload/EuclidsLock.app/Data/Managed/TypesInScenes.xml
copying file ./Payload/EuclidsLock.app/Data/Managed/Unity.Postprocessing.Runtime.pdb ... 
2019-07-22 13:21:38 +0000  58704 bytes for ./Payload/EuclidsLock.app/Data/Managed/Unity.Postprocessing.Runtime.pdb
copying file ./Payload/EuclidsLock.app/Data/Managed/SymbolMap-32 ... 
2019-07-22 13:21:38 +0000  269560 bytes for ./Payload/EuclidsLock.app/Data/Managed/SymbolMap-32
2019-07-22 13:21:38 +0000  copying file ./Payload/EuclidsLock.app/Data/Managed/Resources/mscorlib.dll-resources.dat ... 
2019-07-22 13:21:38 +0000  337563 bytes for ./Payload/EuclidsLock.app/Data/Managed/Resources/mscorlib.dll-resources.dat
2019-07-22 13:21:38 +0000  copying file ./Payload/EuclidsLock.app/Data/Managed/Assembly-CSharp.pdb ... 
2019-07-22 13:21:38 +0000  31316 bytes for ./Payload/EuclidsLock.app/Data/Managed/Assembly-CSharp.pdb
2019-07-22 13:21:38 +0000  copying file ./Payload/EuclidsLock.app/Data/Managed/mono/2.0/machine.config ... 
2019-07-22 13:21:38 +0000  27625 bytes for ./Payload/EuclidsLock.app/Data/Managed/mono/2.0/machine.config
2019-07-22 13:21:38 +0000  copying file ./Payload/EuclidsLock.app/Data/Managed/mono/4.0/machine.config ... 
2019-07-22 13:21:38 +0000  33648 bytes for ./Payload/EuclidsLock.app/Data/Managed/mono/4.0/machine.config
2019-07-22 13:21:38 +0000  copying file ./Payload/EuclidsLock.app/Data/Managed/Metadata/global-metadata.dat ... 
2019-07-22 13:21:38 +0000  3571068 bytes for ./Payload/EuclidsLock.app/Data/Managed/Metadata/global-metadata.dat
2019-07-22 13:21:38 +0000  copying file ./Payload/EuclidsLock.app/Data/sharedassets0.resource ... 
2019-07-22 13:21:38 +0000  89600 bytes for ./Payload/EuclidsLock.app/Data/sharedassets0.resource
copying file ./Payload/EuclidsLock.app/Data/globalgamemanagers ... 
2019-07-22 13:21:38 +0000  47944 bytes for ./Payload/EuclidsLock.app/Data/globalgamemanagers
copying file ./Payload/EuclidsLock.app/Data/boot.config ... 
2019-07-22 13:21:38 +0000  283 bytes for ./Payload/EuclidsLock.app/Data/boot.config
copying file ./Payload/EuclidsLock.app/Data/resources.assets ... 
2019-07-22 13:21:38 +0000  206088 bytes for ./Payload/EuclidsLock.app/Data/resources.assets
2019-07-22 13:21:38 +0000  copying file ./Payload/EuclidsLock.app/Data/Resources/unity_builtin_extra ... 
2019-07-22 13:21:38 +0000  563452 bytes for ./Payload/EuclidsLock.app/Data/Resources/unity_builtin_extra
2019-07-22 13:21:38 +0000  copying file ./Payload/EuclidsLock.app/Data/unity default resources ... 
2019-07-22 13:21:38 +0000  6312180 bytes for ./Payload/EuclidsLock.app/Data/unity default resources
copying file ./Payload/EuclidsLock.app/Data/sharedassets0.assets.resS ... 
2019-07-22 13:21:38 +0000  6091420 bytes for ./Payload/EuclidsLock.app/Data/sharedassets0.assets.resS
copying file ./Payload/EuclidsLock.app/Data/sharedassets0.assets ... 
2019-07-22 13:21:39 +0000  16366460 bytes for ./Payload/EuclidsLock.app/Data/sharedassets0.assets
copying file ./Payload/EuclidsLock.app/Data/level0 ... 
2019-07-22 13:21:39 +0000  329840 bytes for ./Payload/EuclidsLock.app/Data/level0
copying file ./Payload/EuclidsLock.app/Data/globalgamemanagers.assets ... 
2019-07-22 13:21:39 +0000  59840 bytes for ./Payload/EuclidsLock.app/Data/globalgamemanagers.assets
2019-07-22 13:21:39 +0000  copying file ./Payload/EuclidsLock.app/LaunchImage-800-Landscape-736h@3x.png ... 
2019-07-22 13:21:39 +0000  12887 bytes for ./Payload/EuclidsLock.app/LaunchImage-800-Landscape-736h@3x.png
copying file ./Payload/EuclidsLock.app/LaunchImage-700-Portrait@2x~ipad.png ... 
2019-07-22 13:21:39 +0000  15515 bytes for ./Payload/EuclidsLock.app/LaunchImage-700-Portrait@2x~ipad.png
copying file ./Payload/EuclidsLock.app/LaunchImage-700-Landscape~ipad.png ... 
2019-07-22 13:21:39 +0000  4433 bytes for ./Payload/EuclidsLock.app/LaunchImage-700-Landscape~ipad.png
copying file ./Payload/EuclidsLock.app/Info.plist ... 
2019-07-22 13:21:39 +0000  2513 bytes for ./Payload/EuclidsLock.app/Info.plist
copying file ./Payload/EuclidsLock.app/profile.json ... 
2019-07-22 13:21:39 +0000  34555 bytes for ./Payload/EuclidsLock.app/profile.json
2019-07-22 13:21:39 +0000  copying file ./Payload/EuclidsLock.app/LaunchImage-1200-Landscape-2688h@3x.png ... 
2019-07-22 13:21:39 +0000  15608 bytes for ./Payload/EuclidsLock.app/LaunchImage-1200-Landscape-2688h@3x.png
copying file ./Payload/EuclidsLock.app/PkgInfo ... 
2019-07-22 13:21:39 +0000  8 bytes for ./Payload/EuclidsLock.app/PkgInfo
copying file ./Payload/EuclidsLock.app/AppIcon76x76~ipad.png ... 
2019-07-22 13:21:39 +0000  2929 bytes for ./Payload/EuclidsLock.app/AppIcon76x76~ipad.png
2019-07-22 13:21:39 +0000  /usr/bin/ditto exited with 0
2019-07-22 13:21:39 +0000  Processing step: IDEDistributionAppStoreInformationStep
2019-07-22 13:21:39 +0000  Skipping step: IDEDistributionAppStoreInformationStep because it said so
2019-07-22 13:21:39 +0000  Processing step: IDEDistributionCreateManifestStep
